<?xml version="1.0" encoding="utf-8"?><testsuites name="pytest tests"><testsuite name="pytest" errors="0" failures="0" skipped="0" tests="138" time="11.928" timestamp="2026-03-12T02:01:59.134825+03:00" hostname="HEROPC"><testcase classname="tests.test_api_clients" name="test_get_quote_success[Stay focused.]" time="0.004" /><testcase classname="tests.test_api_clients" name="test_get_quote_success[Do one thing at a time.]" time="0.002" /><testcase classname="tests.test_api_clients" name="test_get_quote_success[Small steps every day.]" time="0.001" /><testcase classname="tests.test_api_clients" name="test_get_quote_success[Discipline beats mood.]" time="0.001" /><testcase classname="tests.test_api_clients" name="test_get_quote_success[Consistency wins.]" time="0.001" /><testcase classname="tests.test_api_clients" name="test_get_quote_fallback_on_error[Exception]" time="0.001" /><testcase classname="tests.test_api_clients" name="test_get_quote_fallback_on_error[RuntimeError]" time="0.001" /><testcase classname="tests.test_api_clients" name="test_get_quote_fallback_on_error[ValueError]" time="0.001" /><testcase classname="tests.test_api_clients" name="test_get_formatted_time_success[2026-03-11T10:00:00+03:00]" time="0.005" /><testcase classname="tests.test_api_clients" name="test_get_formatted_time_success[2026-03-11T15:45:59+03:00]" time="0.001" /><testcase classname="tests.test_api_clients" name="test_get_formatted_time_success[2026-01-01T00:00:01+00:00]" time="0.001" /><testcase classname="tests.test_api_clients" name="test_get_formatted_time_success[2025-12-31T23:59:59+00:00]" time="0.001" /><testcase classname="tests.test_api_clients" name="test_get_formatted_time_fallback[Exception]" time="0.001" /><testcase classname="tests.test_api_clients" name="test_get_formatted_time_fallback[RuntimeError]" time="0.001" /><testcase classname="tests.test_api_clients" name="test_get_formatted_time_fallback[Timeout]" time="0.001" /><testcase classname="tests.test_api_clients" name="test_get_group_info_success[payload0]" time="0.001" /><testcase classname="tests.test_api_clients" name="test_get_group_info_success[payload1]" time="0.002" /><testcase classname="tests.test_api_clients" name="test_get_group_info_success[payload2]" time="0.001" /><testcase classname="tests.test_api_clients" name="test_get_group_info_success[payload3]" time="0.001" /><testcase classname="tests.test_api_clients" name="test_get_group_info_success[payload4]" time="0.001" /><testcase classname="tests.test_api_clients" name="test_get_group_info_fallback[error0]" time="0.001" /><testcase classname="tests.test_api_clients" name="test_get_group_info_fallback[error1]" time="0.001" /><testcase classname="tests.test_api_clients" name="test_get_group_info_fallback[error2]" time="0.001" /><testcase classname="tests.test_api_clients" name="test_get_group_schedule_success[lesson_payload0-B1 101-\u0418\u0432\u0430\u043d\u043e\u0432 \u0418.\u0418.]" time="0.003" /><testcase classname="tests.test_api_clients" name="test_get_group_schedule_success[lesson_payload1-\u041d\u0435 \u0443\u043a\u0430\u0437\u0430\u043d\u043e-\u041d\u0435 \u0443\u043a\u0430\u0437\u0430\u043d]" time="0.002" /><testcase classname="tests.test_api_clients" name="test_get_group_schedule_success[lesson_payload2-\u041d\u0435 \u0443\u043a\u0430\u0437\u0430\u043d\u043e-\u041f\u0435\u0442\u0440\u043e\u0432 \u041f.\u041f.]" time="0.002" /><testcase classname="tests.test_api_clients" name="test_get_group_schedule_success[lesson_payload3-220-\u041d\u0435 \u0443\u043a\u0430\u0437\u0430\u043d]" time="0.002" /><testcase classname="tests.test_api_clients" name="test_get_group_schedule_success[lesson_payload4-Main-]" time="0.002" /><testcase classname="tests.test_api_clients" name="test_get_group_schedule_success[lesson_payload5-D 404-Coder]" time="0.002" /><testcase classname="tests.test_api_clients" name="test_get_group_schedule_success[lesson_payload6-Gym 1-Coach]" time="0.002" /><testcase classname="tests.test_api_clients" name="test_get_group_schedule_success[lesson_payload7-\u041d\u0435 \u0443\u043a\u0430\u0437\u0430\u043d\u043e-\u041d\u0435 \u0443\u043a\u0430\u0437\u0430\u043d]" time="0.002" /><testcase classname="tests.test_api_clients" name="test_get_group_schedule_uses_current_date_when_missing" time="0.001" /><testcase classname="tests.test_api_clients" name="test_get_group_schedule_fallback[error0]" time="0.001" /><testcase classname="tests.test_api_clients" name="test_get_group_schedule_fallback[error1]" time="0.001" /><testcase classname="tests.test_api_clients" name="test_get_group_schedule_fallback[error2]" time="0.001" /><testcase classname="tests.test_auth" name="test_register_accepts_valid_credentials[alice-password123]" time="0.226" /><testcase classname="tests.test_auth" name="test_register_accepts_valid_credentials[bob_01-StrongPass!@#]" time="0.194" /><testcase classname="tests.test_auth" name="test_register_accepts_valid_credentials[student-abcDEF123]" time="0.192" /><testcase classname="tests.test_auth" name="test_register_accepts_valid_credentials[user01-qwertyQWERTY]" time="0.192" /><testcase classname="tests.test_auth" name="test_register_accepts_valid_credentials[name.with.dot-Pa$$w0rd]" time="0.196" /><testcase classname="tests.test_auth" name="test_register_accepts_valid_credentials[name-with-dash-dash-pass-123]" time="0.194" /><testcase classname="tests.test_auth" name="test_register_accepts_valid_credentials[name123-1234567890]" time="0.192" /><testcase classname="tests.test_auth" name="test_register_accepts_valid_credentials[minimal-min-pass]" time="0.193" /><testcase classname="tests.test_auth" name="test_register_rejects_duplicate_username[dup_a-pass1]" time="0.381" /><testcase classname="tests.test_auth" name="test_register_rejects_duplicate_username[dup_b-pass2]" time="0.373" /><testcase classname="tests.test_auth" name="test_register_rejects_duplicate_username[dup_c-pass3]" time="0.372" /><testcase classname="tests.test_auth" name="test_register_rejects_duplicate_username[dup_d-pass4]" time="0.371" /><testcase classname="tests.test_auth" name="test_login_success_returns_expected_shape[login_ok_1-secret_1]" time="0.391" /><testcase classname="tests.test_auth" name="test_login_success_returns_expected_shape[login_ok_2-secret_2]" time="0.384" /><testcase classname="tests.test_auth" name="test_login_success_returns_expected_shape[login_ok_3-secret_3]" time="0.372" /><testcase classname="tests.test_auth" name="test_login_success_returns_expected_shape[login_ok_4-secret_4]" time="0.372" /><testcase classname="tests.test_auth" name="test_login_rejects_wrong_password[neg_1-correct1-wrong1]" time="0.371" /><testcase classname="tests.test_auth" name="test_login_rejects_wrong_password[neg_2-correct2-wrong2]" time="0.374" /><testcase classname="tests.test_auth" name="test_login_rejects_wrong_password[neg_3-correct3-wrong3]" time="0.371" /><testcase classname="tests.test_auth" name="test_login_rejects_wrong_password[neg_4-correct4-wrong4]" time="0.371" /><testcase classname="tests.test_auth" name="test_login_rejects_wrong_password[neg_5-correct5-wrong5]" time="0.379" /><testcase classname="tests.test_auth" name="test_login_unknown_user_returns_false[missing_1]" time="0.011" /><testcase classname="tests.test_auth" name="test_login_unknown_user_returns_false[missing_2]" time="0.011" /><testcase classname="tests.test_auth" name="test_login_unknown_user_returns_false[missing_3]" time="0.011" /><testcase classname="tests.test_auth" name="test_login_unknown_user_returns_false[missing_4]" time="0.010" /><testcase classname="tests.test_auth" name="test_create_access_token_contains_user_id_and_expiration[1]" time="0.011" /><testcase classname="tests.test_auth" name="test_create_access_token_contains_user_id_and_expiration[42]" time="0.011" /><testcase classname="tests.test_auth" name="test_create_access_token_contains_user_id_and_expiration[9999]" time="0.011" /><testcase classname="tests.test_auth" name="test_register_hashes_password" time="0.193" /><testcase classname="tests.test_database" name="test_create_user_persists_user[u_create_1-h1]" time="0.013" /><testcase classname="tests.test_database" name="test_create_user_persists_user[u_create_2-h2]" time="0.013" /><testcase classname="tests.test_database" name="test_create_user_persists_user[u_create_3-h3]" time="0.013" /><testcase classname="tests.test_database" name="test_create_user_persists_user[u_create_4-h4]" time="0.013" /><testcase classname="tests.test_database" name="test_create_user_persists_user[u_create_5-h5]" time="0.013" /><testcase classname="tests.test_database" name="test_create_user_persists_user[u_create_6-h6]" time="0.013" /><testcase classname="tests.test_database" name="test_create_user_invalid_data_returns_false[None-hash]" time="0.010" /><testcase classname="tests.test_database" name="test_create_user_invalid_data_returns_false[user_none_hash-None]" time="0.011" /><testcase classname="tests.test_database" name="test_create_user_invalid_data_returns_false[None-None]" time="0.010" /><testcase classname="tests.test_database" name="test_get_user_returns_none_for_missing_user[ghost_1]" time="0.010" /><testcase classname="tests.test_database" name="test_get_user_returns_none_for_missing_user[ghost_2]" time="0.010" /><testcase classname="tests.test_database" name="test_create_session_persists_data[pomodoro-2026-03-01 09:00:00]" time="0.017" /><testcase classname="tests.test_database" name="test_create_session_persists_data[stopwatch-2026-03-01 09:30:00]" time="0.014" /><testcase classname="tests.test_database" name="test_create_session_persists_data[short_break-2026-03-01 10:00:00]" time="0.015" /><testcase classname="tests.test_database" name="test_create_session_persists_data[long_break-2026-03-01 10:30:00]" time="0.015" /><testcase classname="tests.test_database" name="test_create_session_persists_data[pomodoro-2026-03-01 11:00:00]" time="0.014" /><testcase classname="tests.test_database" name="test_update_session_updates_end_time_and_duration[1]" time="0.017" /><testcase classname="tests.test_database" name="test_update_session_updates_end_time_and_duration[30]" time="0.016" /><testcase classname="tests.test_database" name="test_update_session_updates_end_time_and_duration[1500]" time="0.017" /><testcase classname="tests.test_database" name="test_update_session_updates_end_time_and_duration[3600]" time="0.016" /><testcase classname="tests.test_database" name="test_get_user_sessions_sorted_desc_by_start_time[time_values0]" time="0.019" /><testcase classname="tests.test_database" name="test_get_user_sessions_sorted_desc_by_start_time[time_values1]" time="0.019" /><testcase classname="tests.test_database" name="test_get_user_sessions_sorted_desc_by_start_time[time_values2]" time="0.019" /><testcase classname="tests.test_database" name="test_add_achievement_persists_achievement[A1-D1]" time="0.015" /><testcase classname="tests.test_database" name="test_add_achievement_persists_achievement[A2-D2]" time="0.016" /><testcase classname="tests.test_database" name="test_add_achievement_persists_achievement[A3-D3]" time="0.016" /><testcase classname="tests.test_database" name="test_add_achievement_persists_achievement[A4-D4]" time="0.015" /><testcase classname="tests.test_database" name="test_get_month_sessions_filters_by_month_and_year[1-2026-1]" time="0.024" /><testcase classname="tests.test_database" name="test_get_month_sessions_filters_by_month_and_year[2-2026-1]" time="0.025" /><testcase classname="tests.test_database" name="test_get_month_sessions_filters_by_month_and_year[3-2026-2]" time="0.024" /><testcase classname="tests.test_database" name="test_get_month_sessions_filters_by_month_and_year[12-2025-1]" time="0.024" /><testcase classname="tests.test_database" name="test_get_month_sessions_isolated_by_user[3]" time="0.019" /><testcase classname="tests.test_database" name="test_get_month_sessions_isolated_by_user[4]" time="0.019" /><testcase classname="tests.test_database" name="test_get_achievements_empty_returns_empty_list" time="0.013" /><testcase classname="tests.test_database" name="test_create_and_update_session_full_flow" time="0.017" /><testcase classname="tests.test_timer" name="test_start_session_adds_timer_job_for_countdown[pomodoro0]" time="0.002" /><testcase classname="tests.test_timer" name="test_start_session_adds_timer_job_for_countdown[short_break]" time="0.001" /><testcase classname="tests.test_timer" name="test_start_session_adds_timer_job_for_countdown[long_break]" time="0.001" /><testcase classname="tests.test_timer" name="test_start_session_adds_timer_job_for_countdown[pomodoro1]" time="0.002" /><testcase classname="tests.test_timer" name="test_start_session_adds_stopwatch_job[stopwatch0]" time="0.001" /><testcase classname="tests.test_timer" name="test_start_session_adds_stopwatch_job[stopwatch1]" time="0.001" /><testcase classname="tests.test_timer" name="test_start_session_adds_stopwatch_job[stopwatch2]" time="0.001" /><testcase classname="tests.test_timer" name="test_start_session_adds_stopwatch_job[stopwatch3]" time="0.001" /><testcase classname="tests.test_timer" name="test_update_timer_sends_remaining_time[1]" time="0.002" /><testcase classname="tests.test_timer" name="test_update_timer_sends_remaining_time[30]" time="0.001" /><testcase classname="tests.test_timer" name="test_update_timer_sends_remaining_time[60]" time="0.001" /><testcase classname="tests.test_timer" name="test_update_timer_completes_when_time_expires[1500]" time="0.002" /><testcase classname="tests.test_timer" name="test_update_timer_completes_when_time_expires[1600]" time="0.002" /><testcase classname="tests.test_timer" name="test_update_timer_completes_when_time_expires[2000]" time="0.002" /><testcase classname="tests.test_timer" name="test_update_timer_skips_when_not_active[False-True]" time="0.001" /><testcase classname="tests.test_timer" name="test_update_timer_skips_when_not_active[True-False]" time="0.001" /><testcase classname="tests.test_timer" name="test_update_stopwatch_formats_elapsed_time[1]" time="0.002" /><testcase classname="tests.test_timer" name="test_update_stopwatch_formats_elapsed_time[10]" time="0.002" /><testcase classname="tests.test_timer" name="test_update_stopwatch_handles_exceptions[1]" time="0.002" /><testcase classname="tests.test_timer" name="test_update_stopwatch_handles_exceptions[2]" time="0.002" /><testcase classname="tests.test_timer" name="test_complete_session_adds_achievement_for_pomodoro[1]" time="0.002" /><testcase classname="tests.test_timer" name="test_complete_session_adds_achievement_for_pomodoro[2]" time="0.002" /><testcase classname="tests.test_timer" name="test_complete_session_no_achievement_for_non_pomodoro[short_break]" time="0.002" /><testcase classname="tests.test_timer" name="test_complete_session_no_achievement_for_non_pomodoro[long_break]" time="0.002" /><testcase classname="tests.test_timer" name="test_stop_timer_updates_session_and_clears_jobs[1]" time="0.002" /><testcase classname="tests.test_timer" name="test_stop_timer_updates_session_and_clears_jobs[30]" time="0.002" /><testcase classname="tests.test_timer" name="test_stop_timer_updates_session_and_clears_jobs[300]" time="0.002" /><testcase classname="tests.test_timer" name="test_stop_timer_noop_when_not_running[1]" time="0.001" /><testcase classname="tests.test_timer" name="test_stop_timer_noop_when_not_running[2]" time="0.001" /><testcase classname="integration_tests.test_integration_workflows" name="test_scenario_01_register_login_start_stop_pomodoro" time="0.381" /><testcase classname="integration_tests.test_integration_workflows" name="test_scenario_02_duplicate_registration_negative" time="0.373" /><testcase classname="integration_tests.test_integration_workflows" name="test_scenario_03_login_wrong_password_negative" time="0.375" /><testcase classname="integration_tests.test_integration_workflows" name="test_scenario_04_stopwatch_session_persisted" time="0.387" /><testcase classname="integration_tests.test_integration_workflows" name="test_scenario_05_pomodoro_completion_adds_achievement" time="0.383" /><testcase classname="integration_tests.test_integration_workflows" name="test_scenario_06_external_services_happy_path" time="0.385" /><testcase classname="integration_tests.test_integration_workflows" name="test_scenario_07_external_services_fallback_negative" time="0.001" /><testcase classname="integration_tests.test_integration_workflows" name="test_scenario_08_month_filter_by_user" time="0.744" /><testcase classname="integration_tests.test_integration_workflows" name="test_scenario_09_two_sessions_in_sequence" time="0.397" /><testcase classname="integration_tests.test_integration_workflows" name="test_scenario_10_stop_without_start_negative" time="0.381" /></testsuite></testsuites>